app/build/intermediates/proguard-rules/release/aapt_rules.txt
# view AndroidManifest.xml #generated:64
-keep class android.support.multidex.MultiDexApplication { <init>(...); }

# view res/layout/abc_alert_dialog_material.xml #generated:75
-keep class android.support.v4.widget.NestedScrollView { <init>(...); }

# view res/layout/abc_alert_dialog_button_bar_material.xml #generated:39
-keep class android.support.v4.widget.Space { <init>(...); }

# view res/layout/abc_action_menu_item_layout.xml #generated:17
-keep class android.support.v7.view.menu.ActionMenuItemView { <init>(...); }

# view res/layout/abc_expanded_menu_layout.xml #generated:17
-keep class android.support.v7.view.menu.ExpandedMenuView { <init>(...); }

# view res/layout/abc_list_menu_item_layout.xml #generated:17
# view res/layout/abc_popup_menu_item_layout.xml #generated:17
-keep class android.support.v7.view.menu.ListMenuItemView { <init>(...); }

# view res/layout/abc_screen_toolbar.xml #generated:27
-keep class android.support.v7.widget.ActionBarContainer { <init>(...); }

# view res/layout/abc_action_mode_bar.xml #generated:19
# view res/layout/abc_screen_toolbar.xml #generated:43
-keep class android.support.v7.widget.ActionBarContextView { <init>(...); }

# view res/layout/abc_screen_toolbar.xml #generated:17
-keep class android.support.v7.widget.ActionBarOverlayLayout { <init>(...); }

# view res/layout/abc_action_menu_layout.xml #generated:17
-keep class android.support.v7.widget.ActionMenuView { <init>(...); }

# view res/layout/abc_activity_chooser_view.xml #generated:19
-keep class android.support.v7.widget.ActivityChooserView$InnerLayout { <init>(...); }

# view res/layout/abc_alert_dialog_button_bar_material.xml #generated:18
-keep class android.support.v7.widget.ButtonBarLayout { <init>(...); }

# view res/layout/abc_screen_content_include.xml #generated:19
-keep class android.support.v7.widget.ContentFrameLayout { <init>(...); }

# view res/layout/abc_alert_dialog_material.xml #generated:48
-keep class android.support.v7.widget.DialogTitle { <init>(...); }

# view res/layout/abc_screen_simple_overlay_action_mode.xml #generated:23
-keep class android.support.v7.widget.FitWindowsFrameLayout { <init>(...); }

# view res/layout/abc_dialog_title_material.xml #generated:22
# view res/layout/abc_screen_simple.xml #generated:17
-keep class android.support.v7.widget.FitWindowsLinearLayout { <init>(...); }

# view res/layout/abc_search_view.xml #generated:75
-keep class android.support.v7.widget.SearchView$SearchAutoComplete { <init>(...); }

# view res/layout/abc_screen_toolbar.xml #generated:36
-keep class android.support.v7.widget.Toolbar { <init>(...); }

# view res/layout/abc_screen_simple.xml #generated:25
# view res/layout/abc_screen_simple_overlay_action_mode.xml #generated:32
-keep class android.support.v7.widget.ViewStubCompat { <init>(...); }

# view AndroidManifest.xml #generated:236
-keep class com.google.android.gms.ads.AdActivity { <init>(...); }

# view AndroidManifest.xml #generated:414
-keep class com.google.android.gms.ads.purchase.InAppPurchaseActivity { <init>(...); }

# view AndroidManifest.xml #generated:421
-keep class com.google.android.gms.appinvite.PreviewActivity { <init>(...); }

# view AndroidManifest.xml #generated:440
-keep class com.google.android.gms.auth.api.signin.RevocationBoundService { <init>(...); }

# view AndroidManifest.xml #generated:431
-keep class com.google.android.gms.auth.api.signin.internal.SignInHubActivity { <init>(...); }

# view AndroidManifest.xml #generated:448
-keep class com.google.android.gms.cast.framework.ReconnectionService { <init>(...); }

# view res/layout/cast_help_text.xml #generated:2
-keep class com.google.android.gms.cast.framework.internal.featurehighlight.HelpTextView { <init>(...); }

# view AndroidManifest.xml #generated:445
-keep class com.google.android.gms.cast.framework.media.MediaIntentReceiver { <init>(...); }

# view AndroidManifest.xml #generated:447
-keep class com.google.android.gms.cast.framework.media.MediaNotificationService { <init>(...); }

# view AndroidManifest.xml #generated:417
-keep class com.google.android.gms.common.api.GoogleApiActivity { <init>(...); }

# view AndroidManifest.xml #generated:493
-keep class com.google.android.gms.measurement.AppMeasurementReceiver { <init>(...); }

# view AndroidManifest.xml #generated:501
-keep class com.google.android.gms.measurement.AppMeasurementService { <init>(...); }

# view AndroidManifest.xml #generated:521
-keep class com.google.android.gms.tagmanager.TagManagerPreviewActivity { <init>(...); }

# view AndroidManifest.xml #generated:516
-keep class com.google.android.gms.tagmanager.TagManagerService { <init>(...); }

# view AndroidManifest.xml #generated:486
-keep class com.google.firebase.crash.internal.service.FirebaseCrashReceiverService { <init>(...); }

# view AndroidManifest.xml #generated:489
-keep class com.google.firebase.crash.internal.service.FirebaseCrashSenderService { <init>(...); }

# view AndroidManifest.xml #generated:465
-keep class com.google.firebase.iid.FirebaseInstanceIdInternalReceiver { <init>(...); }

# view AndroidManifest.xml #generated:450
-keep class com.google.firebase.iid.FirebaseInstanceIdReceiver { <init>(...); }

# view AndroidManifest.xml #generated:472
-keep class com.google.firebase.iid.FirebaseInstanceIdService { <init>(...); }

# view AndroidManifest.xml #generated:509
-keep class com.google.firebase.messaging.FirebaseMessagingService { <init>(...); }

# view AndroidManifest.xml #generated:480
-keep class com.google.firebase.provider.FirebaseInitProvider { <init>(...); }

# view AndroidManifest.xml #generated:252
-keep class com.google.zxing.client.android.CaptureActivity { <init>(...); }

# view AndroidManifest.xml #generated:405
-keep class com.google.zxing.client.android.HelpActivity { <init>(...); }

# view AndroidManifest.xml #generated:319
-keep class com.google.zxing.client.android.PreferencesActivity { <init>(...); }

# view ldpi-v4/res/layout-ldpi-v4/capture.xml #generated:25
# view res/layout/capture.xml #generated:25
-keep class com.google.zxing.client.android.ViewfinderView { <init>(...); }

# view AndroidManifest.xml #generated:350
-keep class com.google.zxing.client.android.book.SearchBookContentsActivity { <init>(...); }

# view res/layout/search_book_contents_list_item.xml #generated:17
-keep class com.google.zxing.client.android.book.SearchBookContentsListItem { <init>(...); }

# view AndroidManifest.xml #generated:324
-keep class com.google.zxing.client.android.encode.EncodeActivity { <init>(...); }

# view AndroidManifest.xml #generated:374
-keep class com.google.zxing.client.android.history.HistoryActivity { <init>(...); }

# view res/xml/preferences.xml #generated:98
-keep class com.google.zxing.client.android.pref.BSPlusPreference { <init>(...); }

# view AndroidManifest.xml #generated:394
-keep class com.google.zxing.client.android.share.AppPickerActivity { <init>(...); }

# view AndroidManifest.xml #generated:384
-keep class com.google.zxing.client.android.share.BookmarkPickerActivity { <init>(...); }

# view AndroidManifest.xml #generated:362
-keep class com.google.zxing.client.android.share.ShareActivity { <init>(...); }

# view AndroidManifest.xml #generated:227
-keep class com.juegoteca.actividades.AcercaDe { <init>(...); }

# view AndroidManifest.xml #generated:122
-keep class com.juegoteca.actividades.Buscador { <init>(...); }

# view AndroidManifest.xml #generated:81
-keep class com.juegoteca.actividades.DetalleJuego { <init>(...); }

# view AndroidManifest.xml #generated:244
-keep class com.juegoteca.actividades.DuplicarJuego { <init>(...); }

# view AndroidManifest.xml #generated:114
-keep class com.juegoteca.actividades.EditarJuego { <init>(...); }

# view AndroidManifest.xml #generated:131
-keep class com.juegoteca.actividades.Estadisitcas { <init>(...); }

# view AndroidManifest.xml #generated:197
-keep class com.juegoteca.actividades.Favoritos { <init>(...); }

# view AndroidManifest.xml #generated:178
-keep class com.juegoteca.actividades.IniciarSesion { <init>(...); }

# view AndroidManifest.xml #generated:75
-keep class com.juegoteca.actividades.Inicio { <init>(...); }

# view AndroidManifest.xml #generated:101
-keep class com.juegoteca.actividades.ListadoJuego { <init>(...); }

# view AndroidManifest.xml #generated:93
-keep class com.juegoteca.actividades.NuevoJuego { <init>(...); }

# view AndroidManifest.xml #generated:170
-keep class com.juegoteca.actividades.Opciones { <init>(...); }

# view AndroidManifest.xml #generated:206
-keep class com.juegoteca.actividades.Pendientes { <init>(...); }

# view AndroidManifest.xml #generated:184
-keep class com.juegoteca.actividades.Plataforma { <init>(...); }

# view AndroidManifest.xml #generated:192
-keep class com.juegoteca.actividades.Registro { <init>(...); }

# view AndroidManifest.xml #generated:158
-keep class com.juegoteca.actividades.Splash { <init>(...); }

# view res/layout/activity_inicio.xml #generated:30
# view res/layout/activity_inicio.xml #generated:58
-keep class com.juegoteca.ui.HorizontalListView { <init>(...); }

# view AndroidManifest.xml #generated:240
-keep class com.mijuegoteca.Anuncio { <init>(...); }

# view AndroidManifest.xml #generated:109
-keep class com.mijuegoteca.CargarCaratula { <init>(...); }

# view AndroidManifest.xml #generated:220
-keep class com.mijuegoteca.FtpUpload { <init>(...); }

# view res/xml/pref_headers.xml #generated:11
# view res/xml/pref_headers.xml #generated:8
-keep class com.mijuegoteca.Opciones$DataSyncPreferenceFragment { <init>(...); }

# view res/xml/pref_headers.xml #generated:5
-keep class com.mijuegoteca.Opciones$GeneralPreferenceFragment { <init>(...); }

# view AndroidManifest.xml #generated:215
-keep class com.mijuegoteca.SeleccionarFichero { <init>(...); }

# onClick res/layout/activity_editar_juego.xml #generated:271
# onClick res/layout/activity_nuevo_juego.xml #generated:266
-keepclassmembers class * { *** activarFechaCompletado(...); }

# onClick res/layout/activity_buscador.xml #generated:184
-keepclassmembers class * { *** buscarJuego(...); }

# onClick res/layout/activity_buscador.xml #generated:60
# onClick res/layout/activity_editar_juego.xml #generated:157
# onClick res/layout/activity_nuevo_juego.xml #generated:150
-keepclassmembers class * { *** capturarCodigo(...); }

# onClick res/layout/activity_editar_juego.xml #generated:36
# onClick res/layout/activity_nuevo_juego.xml #generated:35
-keepclassmembers class * { *** cargarCaratula(...); }

# onClick res/layout/listado_juego.xml #generated:2
# onClick res/layout/listado_juego_sin_caratula.xml #generated:2
-keepclassmembers class * { *** detalleJuego(...); }

# onClick res/layout/activity_detalle_juego.xml #generated:96
-keepclassmembers class * { *** detallePlataforma(...); }

# onClick res/layout/activity_inicio.xml #generated:94
-keepclassmembers class * { *** estadisticas(...); }

# onClick res/layout/activity_inicio.xml #generated:103
-keepclassmembers class * { *** favoritos(...); }

# onClick res/layout/activity_registro.xml #generated:128
-keepclassmembers class * { *** iniciarRegistro(...); }

# onClick res/layout/activity_inicio.xml #generated:85
-keepclassmembers class * { *** listarJuegos(...); }

# onClick res/layout/activity_inicio.xml #generated:76
-keepclassmembers class * { *** nuevoJuego(...); }

# onClick res/layout/activity_inicio.xml #generated:121
-keepclassmembers class * { *** opciones(...); }

# onClick res/layout/activity_inicio.xml #generated:112
-keepclassmembers class * { *** pendientes(...); }

# onClick res/layout/activity_iniciar_sesion.xml #generated:92
-keepclassmembers class * { *** registro(...); }