app/build/outputs/mapping/release/seeds.txt
com.mijuegoteca.R$anim: int abc_fade_in
com.mijuegoteca.R$anim: int abc_fade_out
com.mijuegoteca.R$anim: int abc_grow_fade_in_from_bottom
com.mijuegoteca.R$anim: int abc_popup_enter
com.mijuegoteca.R$anim: int abc_popup_exit
com.mijuegoteca.R$anim: int abc_shrink_fade_out_from_bottom
com.mijuegoteca.R$anim: int abc_slide_in_bottom
com.mijuegoteca.R$anim: int abc_slide_in_top
com.mijuegoteca.R$anim: int abc_slide_out_bottom
com.mijuegoteca.R$anim: int abc_slide_out_top
com.mijuegoteca.R$array: int country_codes
com.mijuegoteca.R$array: int pref_sync_frequency_titles
com.mijuegoteca.R$array: int pref_sync_frequency_values
com.mijuegoteca.R$attr: int actionBarDivider
com.mijuegoteca.R$attr: int actionBarItemBackground
com.mijuegoteca.R$attr: int actionBarPopupTheme
com.mijuegoteca.R$attr: int actionBarSize
com.mijuegoteca.R$attr: int actionBarSplitStyle
com.mijuegoteca.R$attr: int actionBarStyle
com.mijuegoteca.R$attr: int actionBarTabBarStyle
com.mijuegoteca.R$attr: int actionBarTabStyle
com.mijuegoteca.R$attr: int actionBarTabTextStyle
com.mijuegoteca.R$attr: int actionBarTheme
com.mijuegoteca.R$attr: int actionBarWidgetTheme
com.mijuegoteca.R$attr: int actionButtonStyle
com.mijuegoteca.R$attr: int actionDropDownStyle
com.mijuegoteca.R$attr: int actionLayout
com.mijuegoteca.R$attr: int actionMenuTextAppearance
com.mijuegoteca.R$attr: int actionMenuTextColor
com.mijuegoteca.R$attr: int actionModeBackground
com.mijuegoteca.R$attr: int actionModeCloseButtonStyle
com.mijuegoteca.R$attr: int actionModeCloseDrawable
com.mijuegoteca.R$attr: int actionModeCopyDrawable
com.mijuegoteca.R$attr: int actionModeCutDrawable
com.mijuegoteca.R$attr: int actionModeFindDrawable
com.mijuegoteca.R$attr: int actionModePasteDrawable
com.mijuegoteca.R$attr: int actionModePopupWindowStyle
com.mijuegoteca.R$attr: int actionModeSelectAllDrawable
com.mijuegoteca.R$attr: int actionModeShareDrawable
com.mijuegoteca.R$attr: int actionModeSplitBackground
com.mijuegoteca.R$attr: int actionModeStyle
com.mijuegoteca.R$attr: int actionModeWebSearchDrawable
com.mijuegoteca.R$attr: int actionOverflowButtonStyle
com.mijuegoteca.R$bool: int abc_action_bar_embed_tabs
com.mijuegoteca.R$bool: int abc_allow_stacked_button_bar
com.mijuegoteca.R$bool: int abc_config_actionMenuItemAllCaps
com.mijuegoteca.R$bool: int abc_config_closeDialogWhenTouchOutside
com.mijuegoteca.R$bool: int abc_config_showMenuShortcutsWhenKeyboardPresent
com.mijuegoteca.R$color: int abc_background_cache_hint_selector_material_dark
com.mijuegoteca.R$color: int abc_background_cache_hint_selector_material_light
com.mijuegoteca.R$color: int abc_btn_colored_borderless_text_material
com.mijuegoteca.R$color: int abc_color_highlight_material
com.mijuegoteca.R$color: int abc_input_method_navigation_guard
com.mijuegoteca.R$color: int abc_primary_text_disable_only_material_dark
com.mijuegoteca.R$color: int abc_primary_text_disable_only_material_light
com.mijuegoteca.R$color: int abc_primary_text_material_dark
com.mijuegoteca.R$color: int abc_primary_text_material_light
com.mijuegoteca.R$color: int abc_search_url_text
com.mijuegoteca.R$color: int abc_search_url_text_normal
com.mijuegoteca.R$color: int abc_search_url_text_pressed
com.mijuegoteca.R$color: int abc_search_url_text_selected
com.mijuegoteca.R$color: int abc_secondary_text_material_dark
com.mijuegoteca.R$color: int abc_secondary_text_material_light
com.mijuegoteca.R$color: int abc_tint_btn_checkable
com.mijuegoteca.R$color: int abc_tint_default
com.mijuegoteca.R$color: int abc_tint_edittext
com.mijuegoteca.R$color: int abc_tint_seek_thumb
com.mijuegoteca.R$color: int abc_tint_spinner
com.mijuegoteca.R$color: int abc_tint_switch_thumb
com.mijuegoteca.R$color: int abc_tint_switch_track
com.mijuegoteca.R$color: int accent_material_dark
com.mijuegoteca.R$color: int accent_material_light
com.mijuegoteca.R$color: int background_floating_material_dark
...
com.google.zxing.client.android.ViewfinderView
com.google.zxing.client.android.ViewfinderView: ViewfinderView(android.content.Context,android.util.AttributeSet)
com.google.zxing.client.android.ViewfinderView: void setCameraManager(com.google.zxing.client.android.camera.e)
com.google.zxing.client.android.book.SearchBookContentsActivity
com.google.zxing.client.android.book.SearchBookContentsActivity: SearchBookContentsActivity()
com.google.zxing.client.android.book.SearchBookContentsListItem
com.google.zxing.client.android.book.SearchBookContentsListItem: SearchBookContentsListItem(android.content.Context)
com.google.zxing.client.android.book.SearchBookContentsListItem: SearchBookContentsListItem(android.content.Context,android.util.AttributeSet)
com.google.zxing.client.android.book.SearchBookContentsListItem: void set(com.google.zxing.client.android.book.f)
com.google.zxing.client.android.camera.open.DefaultOpenCameraInterface
com.google.zxing.client.android.camera.open.GingerbreadOpenCameraInterface
com.google.zxing.client.android.camera.open.OpenCameraInterface
com.google.zxing.client.android.camera.open.OpenCameraManager
com.google.zxing.client.android.common.executor.AsyncTaskExecInterface
com.google.zxing.client.android.common.executor.AsyncTaskExecManager
com.google.zxing.client.android.common.executor.DefaultAsyncTaskExecInterface
com.google.zxing.client.android.common.executor.HoneycombAsyncTaskExecInterface
com.google.zxing.client.android.encode.EncodeActivity
com.google.zxing.client.android.encode.EncodeActivity: EncodeActivity()
com.google.zxing.client.android.history.HistoryActivity
com.google.zxing.client.android.history.HistoryActivity: HistoryActivity()
com.google.zxing.client.android.pref.BSPlusPreference
com.google.zxing.client.android.pref.BSPlusPreference: BSPlusPreference(android.content.Context,android.util.AttributeSet,int)
com.google.zxing.client.android.pref.BSPlusPreference: BSPlusPreference(android.content.Context,android.util.AttributeSet)
com.google.zxing.client.android.pref.BSPlusPreference: BSPlusPreference(android.content.Context)
com.google.zxing.client.android.share.AppPickerActivity
com.google.zxing.client.android.share.AppPickerActivity: AppPickerActivity()
com.google.zxing.client.android.share.BookmarkPickerActivity
com.google.zxing.client.android.share.BookmarkPickerActivity: BookmarkPickerActivity()
com.google.zxing.client.android.share.ShareActivity
com.google.zxing.client.android.share.ShareActivity: ShareActivity()
com.google.zxing.client.result.ParsedResultType: com.google.zxing.client.result.ParsedResultType[] values()
com.google.zxing.client.result.ParsedResultType: com.google.zxing.client.result.ParsedResultType valueOf(java.lang.String)
com.google.zxing.common.CharacterSetECI: com.google.zxing.common.CharacterSetECI[] values()
com.google.zxing.common.CharacterSetECI: com.google.zxing.common.CharacterSetECI valueOf(java.lang.String)
com.google.zxing.datamatrix.decoder.DecodedBitStreamParser$Mode: com.google.zxing.datamatrix.decoder.DecodedBitStreamParser$Mode[] values()
com.google.zxing.datamatrix.decoder.DecodedBitStreamParser$Mode: com.google.zxing.datamatrix.decoder.DecodedBitStreamParser$Mode valueOf(java.lang.String)
com.google.zxing.e: com.google.zxing.e[] values()
com.google.zxing.e: com.google.zxing.e valueOf(java.lang.String)
com.google.zxing.f: com.google.zxing.f[] values()
com.google.zxing.f: com.google.zxing.f valueOf(java.lang.String)
com.google.zxing.f.c.c: com.google.zxing.f.c.c[] values()
com.google.zxing.f.c.c: com.google.zxing.f.c.c valueOf(java.lang.String)
com.google.zxing.g.a.n: com.google.zxing.g.a.n[] values()
com.google.zxing.g.a.n: com.google.zxing.g.a.n valueOf(java.lang.String)
com.google.zxing.g.a.p: com.google.zxing.g.a.p[] values()
com.google.zxing.g.a.p: com.google.zxing.g.a.p valueOf(java.lang.String)