app/build/outputs/mapping/release/mapping.txt
com.google.android.gms.internal.zzald -> com.google.android.gms.b.iu:
    boolean bah -> a
    boolean zzcwo() -> b
    boolean zzcwp() -> a
    void <clinit>() -> <clinit>
com.google.android.gms.internal.zzale -> com.google.android.gms.b.iv:
    java.lang.String apC -> a
    java.lang.String Nl -> b
    void <init>(java.lang.String,java.lang.String) -> <init>
    com.google.android.gms.internal.zzale zzrp(java.lang.String) -> a
com.google.android.gms.internal.zzalf -> com.google.android.gms.b.iw:
    java.lang.String zzbu(java.lang.Object) -> a
    void zza(java.lang.Object,org.json.JSONStringer) -> a
    java.util.Map zzrq(java.lang.String) -> a
    java.util.Map zzo(org.json.JSONObject) -> a
    java.lang.Object zzbv(java.lang.Object) -> b
com.google.android.gms.internal.zzalr -> com.google.android.gms.b.ix:
    com.google.android.gms.internal.zzalr baU -> a
    java.util.concurrent.atomic.AtomicBoolean baV -> b
    boolean zzcwt -> c
    void <init>() -> <init>
    void zza(android.app.Application) -> a
    void onActivityCreated(android.app.Activity,android.os.Bundle) -> onActivityCreated
    void onActivityResumed(android.app.Activity) -> onActivityResumed
    void onTrimMemory(int) -> onTrimMemory
    void onActivityStarted(android.app.Activity) -> onActivityStarted
    void onActivityPaused(android.app.Activity) -> onActivityPaused
    void onActivityStopped(android.app.Activity) -> onActivityStopped
    void onActivitySaveInstanceState(android.app.Activity,android.os.Bundle) -> onActivitySaveInstanceState
    void onActivityDestroyed(android.app.Activity) -> onActivityDestroyed
    void onConfigurationChanged(android.content.res.Configuration) -> onConfigurationChanged
    void onLowMemory() -> onLowMemory
    void <clinit>() -> <clinit>
com.google.android.gms.internal.zzals -> com.google.android.gms.b.iy:
    java.util.concurrent.atomic.AtomicReference baW -> a
    com.google.android.gms.internal.zzals zzcxe() -> a
    com.google.android.gms.internal.zzals zzen$528e68a4() -> b
    void <init>() -> <init>
    java.util.Set zzcxf() -> c
    void zzf$4c05e04e() -> d
    void <clinit>() -> <clinit>
com.google.android.gms.internal.zzalt -> com.google.android.gms.b.iz:
com.google.android.gms.internal.zzam -> com.google.android.gms.b.ja:
    com.google.android.gms.internal.zzax zzaey -> c
    com.google.android.gms.clearcut.zzb zzaez -> a
    boolean zzafa -> b
    java.util.Random zzafb -> d
    java.lang.Object zzafc -> e
    void <init>(com.google.android.gms.internal.zzax) -> <init>
    void zza(int,int,long) -> a
    int zzau() -> a
    java.util.Random zzav() -> b
    void <clinit>() -> <clinit>
com.google.android.gms.internal.zzamn -> com.google.android.gms.b.jb:
    java.text.DateFormat bdO -> a
    java.text.DateFormat bdP -> b
    java.text.DateFormat bdQ -> c
    void <init>() -> <init>
    void <init>(int,int) -> <init>
    void <init>(java.text.DateFormat,java.text.DateFormat) -> <init>
    com.google.android.gms.internal.zzamy zza$28a63437(java.util.Date) -> a
    java.util.Date zza(com.google.android.gms.internal.zzamy) -> a
    java.lang.String toString() -> toString
    com.google.android.gms.internal.zzamy zza$e95fda4(java.lang.Object) -> a
    java.lang.Object zzb$571f520a(com.google.android.gms.internal.zzamy,java.lang.reflect.Type) -> a
com.google.android.gms.internal.zzamo -> com.google.android.gms.b.jc:
    boolean zza(com.google.android.gms.internal.zzamp) -> a
    boolean zzh(java.lang.Class) -> a
com.google.android.gms.internal.zzamp -> com.google.android.gms.b.jd:
    java.lang.reflect.Field bdR -> a
    void <init>(java.lang.reflect.Field) -> <init>