app/build/outputs/mapping/release/usage.txt
com.mijuegoteca.BuildConfig
com.mijuegoteca.Manifest
com.mijuegoteca.Manifest$permission
com.mijuegoteca.R
com.mijuegoteca.R$anim
com.mijuegoteca.R$array
com.mijuegoteca.R$attr
com.mijuegoteca.R$bool
com.mijuegoteca.R$color
com.mijuegoteca.R$dimen
com.mijuegoteca.R$drawable
com.mijuegoteca.R$id
com.mijuegoteca.R$integer
com.mijuegoteca.R$layout
com.mijuegoteca.R$menu
com.mijuegoteca.R$raw
com.mijuegoteca.R$string
com.mijuegoteca.R$style
com.mijuegoteca.R$styleable
com.mijuegoteca.R$xml
...
android.support.v4.graphics.drawable.DrawableCompatKitKat:
    26:26:DrawableCompatKitKat()
android.support.v4.graphics.drawable.DrawableCompatLollipop:
    33:33:DrawableCompatLollipop()
android.support.v4.graphics.drawable.RoundedBitmapDrawable
android.support.v4.graphics.drawable.RoundedBitmapDrawable21
android.support.v4.graphics.drawable.RoundedBitmapDrawableFactory
android.support.v4.graphics.drawable.RoundedBitmapDrawableFactory$DefaultRoundedBitmapDrawable
android.support.v4.hardware.display.DisplayManagerCompat:
    public static final java.lang.String DISPLAY_CATEGORY_PRESENTATION
    public abstract android.view.Display getDisplay(int)
    public abstract android.view.Display[] getDisplays()
    public abstract android.view.Display[] getDisplays(java.lang.String)
android.support.v4.hardware.display.DisplayManagerCompat$JellybeanMr1Impl:
    141:141:public android.view.Display getDisplay(int)
    146:146:public android.view.Display[] getDisplays()
    151:151:public android.view.Display[] getDisplays(java.lang.String)
android.support.v4.hardware.display.DisplayManagerCompat$LegacyImpl:
    114:118:public android.view.Display getDisplay(int)
    123:123:public android.view.Display[] getDisplays()
    128:128:public android.view.Display[] getDisplays(java.lang.String)
android.support.v4.hardware.display.DisplayManagerJellybeanMr1:
    22:22:DisplayManagerJellybeanMr1()
    28:28:public static android.view.Display getDisplay(java.lang.Object,int)
    32:32:public static android.view.Display[] getDisplays(java.lang.Object)
    36:36:public static android.view.Display[] getDisplays(java.lang.Object,java.lang.String)
android.support.v4.hardware.fingerprint.FingerprintManagerCompat
android.support.v4.hardware.fingerprint.FingerprintManagerCompat$Api23FingerprintManagerCompatImpl
android.support.v4.hardware.fingerprint.FingerprintManagerCompat$Api23FingerprintManagerCompatImpl$1
android.support.v4.hardware.fingerprint.FingerprintManagerCompat$AuthenticationCallback
android.support.v4.hardware.fingerprint.FingerprintManagerCompat$AuthenticationResult
android.support.v4.hardware.fingerprint.FingerprintManagerCompat$CryptoObject
android.support.v4.hardware.fingerprint.FingerprintManagerCompat$FingerprintManagerCompatImpl
android.support.v4.hardware.fingerprint.FingerprintManagerCompat$LegacyFingerprintManagerCompatImpl
android.support.v4.hardware.fingerprint.FingerprintManagerCompatApi23
android.support.v4.hardware.fingerprint.FingerprintManagerCompatApi23$1
android.support.v4.hardware.fingerprint.FingerprintManagerCompatApi23$AuthenticationCallback
android.support.v4.hardware.fingerprint.FingerprintManagerCompatApi23$AuthenticationResultInternal
android.support.v4.hardware.fingerprint.FingerprintManagerCompatApi23$CryptoObject
android.support.v4.internal.view.SupportMenu:
    public static final int USER_MASK
    public static final int USER_SHIFT
    public static final int CATEGORY_MASK
    public static final int CATEGORY_SHIFT
android.support.v4.internal.view.SupportMenuItem:
    public static final int SHOW_AS_ACTION_NEVER
    public static final int SHOW_AS_ACTION_IF_ROOM
    public static final int SHOW_AS_ACTION_ALWAYS
    public static final int SHOW_AS_ACTION_WITH_TEXT
    public static final int SHOW_AS_ACTION_COLLAPSE_ACTION_VIEW